<?xml version="1.0" encoding="UTF-8"?>
<!-- Generated by org.testng.reporters.JUnitXMLReporter -->
<testsuite ignored="0" hostname="user2" failures="0" tests="4" name="Default test" time="6.938" errors="0" timestamp="2024-11-14T09:49:22 IST">
  <testcase classname="testScripts.PlaceOrderTest" name="login" time="0.01"/>
  <testcase classname="testScripts.PlaceOrderTest" name="addToCart" time="2.366"/>
  <testcase classname="testScripts.PlaceOrderTest" name="checkOut" time="2.157"/>
  <testcase classname="testScripts.PlaceOrderTest" name="checkoutConfirmation" time="0.987"/>
</testsuite> <!-- Default test -->
