<?xml version="1.0" encoding="UTF-8"?>
<testng-results ignored="0" total="4" passed="4" failed="0" skipped="0">
  <reporter-output>
  </reporter-output>
  <suite started-at="2024-11-14T09:49:15 IST" name="Default suite" finished-at="2024-11-14T09:49:22 IST" duration-ms="6938">
    <groups>
    </groups>
    <test started-at="2024-11-14T09:49:15 IST" name="Default test" finished-at="2024-11-14T09:49:22 IST" duration-ms="6938">
      <class name="testScripts.PlaceOrderTest">
        <test-method is-config="true" signature="setUp()[pri:0, instance:testScripts.PlaceOrderTest@578524c3]" started-at="2024-11-14T09:49:15 IST" name="setUp" finished-at="2024-11-14T09:49:16 IST" duration-ms="1324" status="PASS">
          <reporter-output>
          </reporter-output>
        </test-method> <!-- setUp -->
        <test-method signature="login()[pri:0, instance:testScripts.PlaceOrderTest@578524c3]" started-at="2024-11-14T09:49:17 IST" name="login" finished-at="2024-11-14T09:49:17 IST" duration-ms="10" status="PASS">
          <reporter-output>
          </reporter-output>
        </test-method> <!-- login -->
        <test-method signature="addToCart()[pri:1, instance:testScripts.PlaceOrderTest@578524c3]" started-at="2024-11-14T09:49:17 IST" name="addToCart" finished-at="2024-11-14T09:49:19 IST" duration-ms="2366" status="PASS">
          <reporter-output>
          </reporter-output>
        </test-method> <!-- addToCart -->
        <test-method signature="checkOut()[pri:2, instance:testScripts.PlaceOrderTest@578524c3]" started-at="2024-11-14T09:49:19 IST" name="checkOut" finished-at="2024-11-14T09:49:21 IST" duration-ms="2157" status="PASS">
          <reporter-output>
          </reporter-output>
        </test-method> <!-- checkOut -->
        <test-method signature="checkoutConfirmation()[pri:3, instance:testScripts.PlaceOrderTest@578524c3]" started-at="2024-11-14T09:49:21 IST" name="checkoutConfirmation" finished-at="2024-11-14T09:49:22 IST" duration-ms="987" status="PASS">
          <reporter-output>
          </reporter-output>
        </test-method> <!-- checkoutConfirmation -->
      </class> <!-- testScripts.PlaceOrderTest -->
    </test> <!-- Default test -->
  </suite> <!-- Default suite -->
</testng-results>
